sept. 27, 2016 3:51:41 PM org.eclipse.jetty.util.log.JavaUtilLog info
INFO: Logging initialized @13246ms
sept. 27, 2016 3:51:41 PM winstone.Logger logInternal
INFO: Beginning extraction from war file
sept. 27, 2016 3:52:09 PM org.eclipse.jetty.util.log.JavaUtilLog warn
WARNING: Empty contextPath
sept. 27, 2016 3:52:09 PM org.eclipse.jetty.util.log.JavaUtilLog info
INFO: jetty-9.2.z-SNAPSHOT
sept. 27, 2016 3:52:11 PM org.eclipse.jetty.util.log.JavaUtilLog info
INFO: NO JSP Support for /, did not find org.eclipse.jetty.jsp.JettyJspServlet
sept. 27, 2016 3:52:15 PM org.eclipse.jetty.util.log.JavaUtilLog info
INFO: Started w.@1925502{/,file:/C:/Program%20Files/Jenkins/war/,AVAILABLE}{C:\Program Files\Jenkins\war}
sept. 27, 2016 3:52:15 PM org.eclipse.jetty.util.log.JavaUtilLog info
INFO: Started ServerConnector@179a760{HTTP/1.1}{0.0.0.0:8080}
sept. 27, 2016 3:52:15 PM org.eclipse.jetty.util.log.JavaUtilLog info
INFO: Started @47705ms
sept. 27, 2016 3:52:15 PM winstone.Logger logInternal
INFO: Winstone Servlet Engine v2.0 running: controlPort=disabled
sept. 27, 2016 3:52:17 PM jenkins.InitReactorRunner$1 onAttained
INFO: Started initialization
sept. 27, 2016 3:52:17 PM jenkins.InitReactorRunner$1 onAttained
INFO: Listed all plugins
sept. 27, 2016 3:52:20 PM jenkins.InitReactorRunner$1 onAttained
INFO: Prepared all plugins
sept. 27, 2016 3:52:20 PM jenkins.InitReactorRunner$1 onAttained
INFO: Started all plugins
sept. 27, 2016 3:52:20 PM jenkins.InitReactorRunner$1 onAttained
INFO: Augmented all extensions
sept. 27, 2016 3:52:22 PM jenkins.InitReactorRunner$1 onAttained
INFO: Loaded all jobs
sept. 27, 2016 3:52:25 PM hudson.model.AsyncPeriodicWork$1 run
INFO: Started Download metadata
sept. 27, 2016 3:52:26 PM org.jenkinsci.main.modules.sshd.SSHD start
INFO: Started SSHD at port 57667
sept. 27, 2016 3:52:26 PM jenkins.InitReactorRunner$1 onAttained
INFO: Completed initialization
sept. 27, 2016 3:52:27 PM org.springframework.context.support.AbstractApplicationContext prepareRefresh
INFO: Refreshing org.springframework.web.context.support.StaticWebApplicationContext@beb14a: display name [Root WebApplicationContext]; startup date [Tue Sep 27 15:52:27 CEST 2016]; root of context hierarchy
sept. 27, 2016 3:52:27 PM org.springframework.context.support.AbstractApplicationContext obtainFreshBeanFactory
INFO: Bean factory for application context [org.springframework.web.context.support.StaticWebApplicationContext@beb14a]: org.springframework.beans.factory.support.DefaultListableBeanFactory@6d5792
sept. 27, 2016 3:52:27 PM org.springframework.beans.factory.support.DefaultListableBeanFactory preInstantiateSingletons
INFO: Pre-instantiating singletons in org.springframework.beans.factory.support.DefaultListableBeanFactory@6d5792: defining beans [authenticationManager]; root of factory hierarchy
sept. 27, 2016 3:52:28 PM org.springframework.context.support.AbstractApplicationContext prepareRefresh
INFO: Refreshing org.springframework.web.context.support.StaticWebApplicationContext@9ce450: display name [Root WebApplicationContext]; startup date [Tue Sep 27 15:52:28 CEST 2016]; root of context hierarchy
sept. 27, 2016 3:52:28 PM org.springframework.context.support.AbstractApplicationContext obtainFreshBeanFactory
INFO: Bean factory for application context [org.springframework.web.context.support.StaticWebApplicationContext@9ce450]: org.springframework.beans.factory.support.DefaultListableBeanFactory@1513a0d
sept. 27, 2016 3:52:28 PM org.springframework.beans.factory.support.DefaultListableBeanFactory preInstantiateSingletons
INFO: Pre-instantiating singletons in org.springframework.beans.factory.support.DefaultListableBeanFactory@1513a0d: defining beans [filter,legacy]; root of factory hierarchy
sept. 27, 2016 3:52:28 PM jenkins.install.SetupWizard init
INFO: 

*************************************************************
*************************************************************
*************************************************************

Jenkins initial setup is required. An admin user has been created and a password generated.
Please use the following password to proceed to installation:

7357b679ea8343838b72ff3fd66e45db

This may also be found at: C:\Program Files\Jenkins\secrets\initialAdminPassword

*************************************************************
*************************************************************
*************************************************************

sept. 27, 2016 3:52:45 PM hudson.model.AsyncPeriodicWork$1 run
INFO: Finished Download metadata. 20 364 ms
sept. 27, 2016 3:52:48 PM hudson.model.UpdateCenter updateDefaultSite
WARNING: Upgrading Jenkins. Failed to update the default Update Site 'default'. Plugin upgrades may fail.
java.net.SocketTimeoutException: connect timed out
	at java.net.DualStackPlainSocketImpl.waitForConnect(Native Method)
	at java.net.DualStackPlainSocketImpl.socketConnect(Unknown Source)
	at java.net.AbstractPlainSocketImpl.doConnect(Unknown Source)
	at java.net.AbstractPlainSocketImpl.connectToAddress(Unknown Source)
	at java.net.AbstractPlainSocketImpl.connect(Unknown Source)
	at java.net.PlainSocketImpl.connect(Unknown Source)
	at java.net.SocksSocketImpl.connect(Unknown Source)
	at java.net.Socket.connect(Unknown Source)
	at sun.net.NetworkClient.doConnect(Unknown Source)
	at sun.net.www.http.HttpClient.openServer(Unknown Source)
	at sun.net.www.http.HttpClient.openServer(Unknown Source)
	at sun.net.www.http.HttpClient.<init>(Unknown Source)
	at sun.net.www.http.HttpClient.New(Unknown Source)
	at sun.net.www.http.HttpClient.New(Unknown Source)
	at sun.net.www.protocol.http.HttpURLConnection.getNewHttpClient(Unknown Source)
	at sun.net.www.protocol.http.HttpURLConnection.plainConnect0(Unknown Source)
	at sun.net.www.protocol.http.HttpURLConnection.plainConnect(Unknown Source)
	at sun.net.www.protocol.http.HttpURLConnection.connect(Unknown Source)
	at sun.net.www.protocol.http.HttpURLConnection.getInputStream0(Unknown Source)
	at sun.net.www.protocol.http.HttpURLConnection.getInputStream(Unknown Source)
	at hudson.model.DownloadService.loadJSON(DownloadService.java:166)
	at hudson.model.UpdateSite.updateDirectlyNow(UpdateSite.java:176)
	at hudson.model.UpdateCenter.updateDefaultSite(UpdateCenter.java:2181)
	at jenkins.install.SetupWizard.init(SetupWizard.java:170)
	at jenkins.install.InstallState$3.initializeState(InstallState.java:105)
	at jenkins.model.Jenkins.setInstallState(Jenkins.java:970)
	at jenkins.install.InstallUtil.proceedToNextStateFrom(InstallUtil.java:94)
	at jenkins.model.Jenkins.<init>(Jenkins.java:887)
	at hudson.model.Hudson.<init>(Hudson.java:85)
	at hudson.model.Hudson.<init>(Hudson.java:81)
	at hudson.WebAppMain$3.run(WebAppMain.java:227)

sept. 27, 2016 3:52:48 PM hudson.WebAppMain$3 run
INFO: Jenkins is fully up and running
sept. 27, 2016 4:14:01 PM org.eclipse.jetty.util.log.JavaUtilLog info
INFO: Logging initialized @2927ms
sept. 27, 2016 4:14:01 PM winstone.Logger logInternal
INFO: Beginning extraction from war file
sept. 27, 2016 4:14:01 PM org.eclipse.jetty.util.log.JavaUtilLog warn
WARNING: Empty contextPath
sept. 27, 2016 4:14:01 PM org.eclipse.jetty.util.log.JavaUtilLog info
INFO: jetty-9.2.z-SNAPSHOT
sept. 27, 2016 4:14:02 PM org.eclipse.jetty.util.log.JavaUtilLog info
INFO: NO JSP Support for /, did not find org.eclipse.jetty.jsp.JettyJspServlet
sept. 27, 2016 4:14:04 PM org.eclipse.jetty.util.log.JavaUtilLog info
INFO: Started w.@42b836{/,file:/C:/Program%20Files/Jenkins/war/,AVAILABLE}{C:\Program Files\Jenkins\war}
sept. 27, 2016 4:14:05 PM org.eclipse.jetty.util.log.JavaUtilLog info
INFO: Started ServerConnector@1a0aa7d{HTTP/1.1}{0.0.0.0:8080}
sept. 27, 2016 4:14:05 PM org.eclipse.jetty.util.log.JavaUtilLog info
INFO: Started @6629ms
sept. 27, 2016 4:14:05 PM winstone.Logger logInternal
INFO: Winstone Servlet Engine v2.0 running: controlPort=disabled
sept. 27, 2016 4:14:06 PM jenkins.InitReactorRunner$1 onAttained
INFO: Started initialization
sept. 27, 2016 4:14:06 PM jenkins.InitReactorRunner$1 onAttained
INFO: Listed all plugins
sept. 27, 2016 4:14:09 PM jenkins.InitReactorRunner$1 onAttained
INFO: Prepared all plugins
sept. 27, 2016 4:14:09 PM jenkins.InitReactorRunner$1 onAttained
INFO: Started all plugins
sept. 27, 2016 4:14:09 PM jenkins.InitReactorRunner$1 onAttained
INFO: Augmented all extensions
sept. 27, 2016 4:14:11 PM jenkins.InitReactorRunner$1 onAttained
INFO: Loaded all jobs
sept. 27, 2016 4:14:11 PM hudson.model.AsyncPeriodicWork$1 run
INFO: Started Download metadata
sept. 27, 2016 4:14:13 PM org.jenkinsci.main.modules.sshd.SSHD start
INFO: Started SSHD at port 62919
sept. 27, 2016 4:14:13 PM jenkins.InitReactorRunner$1 onAttained
INFO: Completed initialization
sept. 27, 2016 4:14:14 PM org.springframework.context.support.AbstractApplicationContext prepareRefresh
INFO: Refreshing org.springframework.web.context.support.StaticWebApplicationContext@4807a6: display name [Root WebApplicationContext]; startup date [Tue Sep 27 16:14:14 CEST 2016]; root of context hierarchy
sept. 27, 2016 4:14:14 PM org.springframework.context.support.AbstractApplicationContext obtainFreshBeanFactory
INFO: Bean factory for application context [org.springframework.web.context.support.StaticWebApplicationContext@4807a6]: org.springframework.beans.factory.support.DefaultListableBeanFactory@fef6ef
sept. 27, 2016 4:14:14 PM org.springframework.beans.factory.support.DefaultListableBeanFactory preInstantiateSingletons
INFO: Pre-instantiating singletons in org.springframework.beans.factory.support.DefaultListableBeanFactory@fef6ef: defining beans [authenticationManager]; root of factory hierarchy
sept. 27, 2016 4:14:14 PM org.springframework.context.support.AbstractApplicationContext prepareRefresh
INFO: Refreshing org.springframework.web.context.support.StaticWebApplicationContext@9cd048: display name [Root WebApplicationContext]; startup date [Tue Sep 27 16:14:14 CEST 2016]; root of context hierarchy
sept. 27, 2016 4:14:14 PM org.springframework.context.support.AbstractApplicationContext obtainFreshBeanFactory
INFO: Bean factory for application context [org.springframework.web.context.support.StaticWebApplicationContext@9cd048]: org.springframework.beans.factory.support.DefaultListableBeanFactory@12e3a23
sept. 27, 2016 4:14:14 PM org.springframework.beans.factory.support.DefaultListableBeanFactory preInstantiateSingletons
INFO: Pre-instantiating singletons in org.springframework.beans.factory.support.DefaultListableBeanFactory@12e3a23: defining beans [filter,legacy]; root of factory hierarchy
sept. 27, 2016 4:14:14 PM hudson.WebAppMain$3 run
INFO: Jenkins is fully up and running
sept. 27, 2016 4:14:32 PM hudson.model.AsyncPeriodicWork$1 run
INFO: Finished Download metadata. 20 200 ms
sept. 27, 2016 5:09:08 PM org.eclipse.jetty.util.log.JavaUtilLog info
INFO: Logging initialized @1717ms
sept. 27, 2016 5:09:08 PM winstone.Logger logInternal
INFO: Beginning extraction from war file
sept. 27, 2016 5:09:08 PM org.eclipse.jetty.util.log.JavaUtilLog warn
WARNING: Empty contextPath
sept. 27, 2016 5:09:08 PM org.eclipse.jetty.util.log.JavaUtilLog info
INFO: jetty-9.2.z-SNAPSHOT
sept. 27, 2016 5:09:32 PM org.eclipse.jetty.util.log.JavaUtilLog info
INFO: NO JSP Support for /, did not find org.eclipse.jetty.jsp.JettyJspServlet
sept. 27, 2016 5:09:43 PM org.eclipse.jetty.util.log.JavaUtilLog info
INFO: Started w.@42b836{/,file:/C:/Program%20Files/Jenkins/war/,AVAILABLE}{C:\Program Files\Jenkins\war}
sept. 27, 2016 5:09:44 PM org.eclipse.jetty.util.log.JavaUtilLog info
INFO: Started ServerConnector@1a0aa7d{HTTP/1.1}{0.0.0.0:8080}
sept. 27, 2016 5:09:44 PM org.eclipse.jetty.util.log.JavaUtilLog info
INFO: Started @37225ms
sept. 27, 2016 5:09:44 PM winstone.Logger logInternal
INFO: Winstone Servlet Engine v2.0 running: controlPort=disabled
sept. 27, 2016 5:09:47 PM jenkins.InitReactorRunner$1 onAttained
INFO: Started initialization
sept. 27, 2016 5:09:47 PM jenkins.InitReactorRunner$1 onAttained
INFO: Listed all plugins
sept. 27, 2016 5:09:53 PM jenkins.InitReactorRunner$1 onAttained
INFO: Prepared all plugins
sept. 27, 2016 5:09:53 PM jenkins.InitReactorRunner$1 onAttained
INFO: Started all plugins
sept. 27, 2016 5:09:53 PM jenkins.InitReactorRunner$1 onAttained
INFO: Augmented all extensions
sept. 27, 2016 5:10:01 PM jenkins.InitReactorRunner$1 onAttained
INFO: Loaded all jobs
sept. 27, 2016 5:10:01 PM hudson.model.AsyncPeriodicWork$1 run
INFO: Started Download metadata
sept. 27, 2016 5:10:04 PM org.jenkinsci.main.modules.sshd.SSHD start
INFO: Started SSHD at port 57004
sept. 27, 2016 5:10:04 PM jenkins.InitReactorRunner$1 onAttained
INFO: Completed initialization
sept. 27, 2016 5:10:05 PM org.springframework.context.support.AbstractApplicationContext prepareRefresh
INFO: Refreshing org.springframework.web.context.support.StaticWebApplicationContext@188c8a9: display name [Root WebApplicationContext]; startup date [Tue Sep 27 17:10:05 CEST 2016]; root of context hierarchy
sept. 27, 2016 5:10:05 PM org.springframework.context.support.AbstractApplicationContext obtainFreshBeanFactory
INFO: Bean factory for application context [org.springframework.web.context.support.StaticWebApplicationContext@188c8a9]: org.springframework.beans.factory.support.DefaultListableBeanFactory@1a3b12f
sept. 27, 2016 5:10:05 PM org.springframework.beans.factory.support.DefaultListableBeanFactory preInstantiateSingletons
INFO: Pre-instantiating singletons in org.springframework.beans.factory.support.DefaultListableBeanFactory@1a3b12f: defining beans [authenticationManager]; root of factory hierarchy
sept. 27, 2016 5:10:06 PM org.springframework.context.support.AbstractApplicationContext prepareRefresh
INFO: Refreshing org.springframework.web.context.support.StaticWebApplicationContext@f99c1d: display name [Root WebApplicationContext]; startup date [Tue Sep 27 17:10:06 CEST 2016]; root of context hierarchy
sept. 27, 2016 5:10:06 PM org.springframework.context.support.AbstractApplicationContext obtainFreshBeanFactory
INFO: Bean factory for application context [org.springframework.web.context.support.StaticWebApplicationContext@f99c1d]: org.springframework.beans.factory.support.DefaultListableBeanFactory@ef7117
sept. 27, 2016 5:10:06 PM org.springframework.beans.factory.support.DefaultListableBeanFactory preInstantiateSingletons
INFO: Pre-instantiating singletons in org.springframework.beans.factory.support.DefaultListableBeanFactory@ef7117: defining beans [filter,legacy]; root of factory hierarchy
sept. 27, 2016 5:10:06 PM hudson.WebAppMain$3 run
INFO: Jenkins is fully up and running
sept. 27, 2016 5:10:21 PM hudson.model.AsyncPeriodicWork$1 run
INFO: Finished Download metadata. 20 441 ms
